<?xml version="1.0" encoding="UTF-8"?>
<!-- Generated by org.testng.reporters.JUnitXMLReporter -->
<testsuite hostname="Toatzin_Padilla" ignored="0" name="Default test" tests="9" failures="0" timestamp="11 oct 2017 05:35:12 GMT" time="0.04" errors="0">
  <testcase name="testCustomerName" time="0.005" classname="mx.jzab.edu.refactoring.movies.MovieRentalTestMain"/>
  <testcase name="testMovieName" time="0.001" classname="mx.jzab.edu.refactoring.movies.MovieRentalTestMain"/>
  <testcase name="testRentalAmount_children_lessThan3" time="0.001" classname="mx.jzab.edu.refactoring.movies.MovieRentalTestMain"/>
  <testcase name="testRentalAmount_children_moreThan3" time="0.001" classname="mx.jzab.edu.refactoring.movies.MovieRentalTestMain"/>
  <testcase name="testRentalAmount_newRelease" time="0.0" classname="mx.jzab.edu.refactoring.movies.MovieRentalTestMain"/>
  <testcase name="testRentalAmount_regular_lessThan2" time="0.001" classname="mx.jzab.edu.refactoring.movies.MovieRentalTestMain"/>
  <testcase name="testRentalAmount_regular_moreThan2" time="0.001" classname="mx.jzab.edu.refactoring.movies.MovieRentalTestMain"/>
  <testcase name="testRentalDays" time="0.001" classname="mx.jzab.edu.refactoring.movies.MovieRentalTestMain"/>
  <testcase name="testRentalMovie" time="0.001" classname="mx.jzab.edu.refactoring.movies.MovieRentalTestMain"/>
</testsuite> <!-- Default test -->
